[Wed Aug 14 02:05:05 UTC 2019][INFO] [Action] EE NewBook
[Wed Aug 14 02:05:15 UTC 2019][INFO] [Action] E AutoChapterGroupAction - 0
[Wed Aug 14 02:05:20 UTC 2019][INFO] [Action] E RevertApplyAutoChapterAction - (r,1,1)
[Wed Aug 14 02:05:41 UTC 2019][INFO] [Action] E ApplySemantics - (r,8,8),chapter_title
[Wed Aug 14 02:05:43 UTC 2019][INFO] [Action] E ApplySemantics - (r,8,8),book_title
[Wed Aug 14 02:05:47 UTC 2019][INFO] [Action] E ApplySemantics - (r,20,20),book_subtitle
[Wed Aug 14 02:05:51 UTC 2019][INFO] [Action] E ApplySemantics - (r,32,32),author
[Wed Aug 14 02:06:24 UTC 2019][INFO] [Action] E ItemChanged - -1,62
[Wed Aug 14 02:06:40 UTC 2019][INFO] [Action] E InsertTocAction - (2)
[Wed Aug 14 02:06:48 UTC 2019][INFO] [Action] E ItemChanged - -1,62
[Wed Aug 14 02:06:59 UTC 2019][INFO] [Action] E ItemChanged - -1,62
[Wed Aug 14 02:07:00 UTC 2019][INFO] [Action] E ItemChanged - -1,62
[Wed Aug 14 02:07:01 UTC 2019][INFO] [Action] E ItemChanged - -1,62
[Wed Aug 14 02:07:02 UTC 2019][INFO] [Action] E DeleteContent - (r,62,354),B
[Wed Aug 14 02:07:04 UTC 2019][INFO] [Action] E ItemChanged - -1,1
[Wed Aug 14 02:07:05 UTC 2019][INFO] [Action] E ItemChanged - -1,1
[Wed Aug 14 02:07:09 UTC 2019][INFO] [Action] E RemoveSectionBreak - 1,1
[Wed Aug 14 02:07:12 UTC 2019][INFO] [Action] U RemoveSectionBreak
[Wed Aug 14 02:07:16 UTC 2019][INFO] [Action] E AddTextContainer - (c,39,1),1,0,0
[Wed Aug 14 02:07:16 UTC 2019][INFO] [Action] E AddTextContainer - (c,40,1),1,0,0
[Wed Aug 14 02:07:16 UTC 2019][INFO] [Action] E AddTextContainer - (c,41,1),1,0,0
[Wed Aug 14 02:07:17 UTC 2019][INFO] [Action] E AddTextContainer - (c,42,1),1,0,0
[Wed Aug 14 02:07:17 UTC 2019][INFO] [Action] E AddTextContainer - (c,43,1),1,0,0
[Wed Aug 14 02:07:17 UTC 2019][INFO] [Action] E AddTextContainer - (c,44,1),1,0,0
[Wed Aug 14 02:07:17 UTC 2019][INFO] [Action] E AddTextContainer - (c,45,1),1,0,0
[Wed Aug 14 02:07:17 UTC 2019][INFO] [Action] E AddTextContainer - (c,46,1),1,0,0
[Wed Aug 14 02:07:18 UTC 2019][INFO] [Action] E AddTextContainer - (c,47,1),1,0,0
[Wed Aug 14 02:07:20 UTC 2019][INFO] [Action] E ItemChanged - -1,1
[Wed Aug 14 02:07:22 UTC 2019][INFO] [Action] E ItemChanged - -1,71
[Wed Aug 14 02:07:28 UTC 2019][INFO] [Action] E ItemChanged - -1,71
[Wed Aug 14 02:07:44 UTC 2019][INFO] [Action] E AutoChapterGroupAction - 0
[Wed Aug 14 02:07:47 UTC 2019][INFO] [Action] E RevertApplyAutoChapterAction - (r,1,1)
[Wed Aug 14 02:07:53 UTC 2019][INFO] [Action] E AutoChapterGroupAction - 1
[Wed Aug 14 02:07:55 UTC 2019][INFO] [Action] E ItemChanged - -1,1
[Wed Aug 14 02:07:56 UTC 2019][INFO] [Action] E ItemChanged - -1,39
[Wed Aug 14 02:07:58 UTC 2019][INFO] [Action] E ItemChanged - -1,71
[Wed Aug 14 02:07:59 UTC 2019][INFO] [Action] E ItemChanged - -1,71
[Wed Aug 14 02:08:06 UTC 2019][INFO] [Action] E InsertTocAction - (2)
[Wed Aug 14 02:08:09 UTC 2019][INFO] [Action] E ItemChanged - -1,1
[Wed Aug 14 02:08:13 UTC 2019][INFO] [Action] E ApplySemantics - (r,9,9),book_title
[Wed Aug 14 02:08:13 UTC 2019][INFO] [Action] EFail ApplySemantics - 4
[Wed Aug 14 02:08:14 UTC 2019][INFO] [Action] E ApplySemantics - (r,9,9),book_title
[Wed Aug 14 02:08:14 UTC 2019][INFO] [Action] EFail ApplySemantics - 4
[Wed Aug 14 02:08:16 UTC 2019][INFO] [Action] E ApplySemantics - (r,9,9),book_title
[Wed Aug 14 02:08:16 UTC 2019][INFO] [Action] EFail ApplySemantics - 4
[Wed Aug 14 02:08:18 UTC 2019][INFO] [Action] E ItemChanged - -1,39
[Wed Aug 14 02:08:19 UTC 2019][INFO] [Action] E ItemChanged - -1,71
[Wed Aug 14 02:08:23 UTC 2019][INFO] [Action] E ItemChanged - -1,370
[Wed Aug 14 02:08:25 UTC 2019][INFO] [Action] E ItemChanged - -1,190131
[Wed Aug 14 02:08:27 UTC 2019][INFO] [Action] E ItemChanged - -1,191195
[Wed Aug 14 02:08:29 UTC 2019][INFO] [Action] E ItemChanged - -1,191470
[Wed Aug 14 02:08:30 UTC 2019][INFO] [Action] E ItemChanged - -1,192224
[Wed Aug 14 02:08:48 UTC 2019][INFO] [Action] E SaveBook - Save
[Wed Aug 14 02:08:56 UTC 2019][INFO] [Action] EFail SaveBook - 4
[Wed Aug 14 02:08:57 UTC 2019][INFO] [Action] E SaveBook - Save
[Wed Aug 14 02:09:21 UTC 2019][INFO] [Action] E ItemChanged - -1,370
[Wed Aug 14 02:09:24 UTC 2019][INFO] [Action] E ApplySemantics - (r,373,373),chapter_title
[Wed Aug 14 02:09:24 UTC 2019][INFO] [Action] EFail ApplySemantics - 4
[Wed Aug 14 02:09:25 UTC 2019][INFO] [Action] E ApplySemantics - (r,373,373),chapter_title
[Wed Aug 14 02:09:25 UTC 2019][INFO] [Action] EFail ApplySemantics - 4
[Wed Aug 14 02:09:40 UTC 2019][INFO] [Action] E UpdateStyle - (r,370,387),16:20.000000:2,(r,370,387),F
[Wed Aug 14 02:09:44 UTC 2019][INFO] [Action] E UpdateStyle - (r,370,387),11:UNK:4,(r,370,387),F
[Wed Aug 14 02:09:45 UTC 2019][INFO] [Action] E UpdateStyle - (r,370,387),11:UNK:4,(r,370,387),F
[Wed Aug 14 02:09:46 UTC 2019][INFO] [Action] E UpdateStyle - (r,370,387),11:UNK:4,(r,370,387),F
[Wed Aug 14 02:09:49 UTC 2019][INFO] [Action] E UpdateStyle - (r,370,387),11:AmazonEmber,sans-serif:4,(r,370,387),F
[Wed Aug 14 02:09:52 UTC 2019][INFO] [Action] E UpdateStyle - (r,370,387),11:SourceCodePro,monospace:4,(r,370,387),F
[Wed Aug 14 02:09:54 UTC 2019][INFO] [Action] E UpdateStyle - (r,370,387),11:Bookerly,serif:4,(r,370,387),F
[Wed Aug 14 02:10:07 UTC 2019][INFO] [Action] E SaveBook - Save
[Wed Aug 14 02:10:10 UTC 2019][INFO] [Action] E UpdateStyle - (r,370,387),11:UNK:4,(r,370,387),F
[Wed Aug 14 02:10:22 UTC 2019][INFO] [Action] E DeleteContent - (c,387,2),B
[Wed Aug 14 02:10:23 UTC 2019][INFO] [Action] E InsertTextContent - (c,385,2),[g]
[Wed Aug 14 02:10:42 UTC 2019][INFO] [Action] E UpdateStyle - (r,370,387),41:349:3,(r,370,387),F
[Wed Aug 14 02:10:46 UTC 2019][INFO] [Action] E ItemChanged - -1,20668
[Wed Aug 14 02:10:48 UTC 2019][INFO] [Action] E ItemChanged - -1,38632
[Wed Aug 14 02:10:49 UTC 2019][INFO] [Action] E ItemChanged - -1,370
[Wed Aug 14 02:10:50 UTC 2019][INFO] [Action] E ItemChanged - -1,20668
[Wed Aug 14 02:11:20 UTC 2019][INFO] [Action] E ItemChanged - -1,370
[Wed Aug 14 02:11:23 UTC 2019][INFO] [Action] E ItemChanged - -1,20668
[Wed Aug 14 02:11:28 UTC 2019][INFO] [Action] E UpdateStyle - (r,20668,20682),16:20.000000:2,(r,20668,20682),F
[Wed Aug 14 02:11:31 UTC 2019][INFO] [Action] E UpdateStyle - (r,20668,20682),41:349:3,(r,20668,20682),F
[Wed Aug 14 02:11:33 UTC 2019][INFO] [Action] E ItemChanged - -1,38632
[Wed Aug 14 02:11:38 UTC 2019][INFO] [Action] E UpdateStyle - (r,38632,38647),16:20.000000:2,(r,38632,38647),F
[Wed Aug 14 02:11:40 UTC 2019][INFO] [Action] E UpdateStyle - (r,38632,38647),41:349:3,(r,38632,38647),F
[Wed Aug 14 02:11:42 UTC 2019][INFO] [Action] E ItemChanged - -1,53921
[Wed Aug 14 02:11:47 UTC 2019][INFO] [Action] E UpdateStyle - (r,53921,53935),41:349:3,(r,53921,53935),F
[Wed Aug 14 02:11:50 UTC 2019][INFO] [Action] E UpdateStyle - (r,53921,53935),16:20.000000:2,(r,53921,53935),F
[Wed Aug 14 02:11:52 UTC 2019][INFO] [Action] E ItemChanged - -1,72332
[Wed Aug 14 02:11:59 UTC 2019][INFO] [Action] E UpdateStyle - (r,72332,72350),16:20.000000:2,(r,72332,72350),F
[Wed Aug 14 02:12:02 UTC 2019][INFO] [Action] E UpdateStyle - (r,72332,72350),41:349:3,(r,72332,72350),F
[Wed Aug 14 02:12:04 UTC 2019][INFO] [Action] E ItemChanged - -1,90053
[Wed Aug 14 02:12:09 UTC 2019][INFO] [Action] E UpdateStyle - (r,90053,90069),16:20.000000:2,(r,90053,90069),F
[Wed Aug 14 02:12:11 UTC 2019][INFO] [Action] E UpdateStyle - (r,90053,90069),41:349:3,(r,90053,90069),F
[Wed Aug 14 02:12:13 UTC 2019][INFO] [Action] E ItemChanged - -1,100446
[Wed Aug 14 02:12:17 UTC 2019][INFO] [Action] E UpdateStyle - (r,100446,100461),16:20.000000:2,(r,100446,100461),F
[Wed Aug 14 02:12:20 UTC 2019][INFO] [Action] E UpdateStyle - (r,100446,100461),41:349:3,(r,100446,100461),F
[Wed Aug 14 02:12:21 UTC 2019][INFO] [Action] E ItemChanged - -1,114387
[Wed Aug 14 02:12:26 UTC 2019][INFO] [Action] E UpdateStyle - (r,114387,114406),16:20.000000:2,(r,114387,114406),F
[Wed Aug 14 02:12:28 UTC 2019][INFO] [Action] E UpdateStyle - (r,114387,114406),41:349:3,(r,114387,114406),F
[Wed Aug 14 02:12:29 UTC 2019][INFO] [Action] E ItemChanged - -1,132204
[Wed Aug 14 02:12:34 UTC 2019][INFO] [Action] E UpdateStyle - (r,132204,132218),16:20.000000:2,(r,132204,132218),F
[Wed Aug 14 02:12:38 UTC 2019][INFO] [Action] E UpdateStyle - (r,132204,132218),41:349:3,(r,132204,132218),F
[Wed Aug 14 02:12:39 UTC 2019][INFO] [Action] E ItemChanged - -1,155143
[Wed Aug 14 02:12:46 UTC 2019][INFO] [Action] E UpdateStyle - (r,155143,155166),16:20.000000:2,(r,155143,155166),F
[Wed Aug 14 02:12:48 UTC 2019][INFO] [Action] E UpdateStyle - (r,155143,155166),41:349:3,(r,155143,155166),F
[Wed Aug 14 02:12:49 UTC 2019][INFO] [Action] E ItemChanged - -1,166509
[Wed Aug 14 02:12:57 UTC 2019][INFO] [Action] E UpdateStyle - (r,166509,166535),16:20.000000:2,(r,166509,166535),F
[Wed Aug 14 02:12:59 UTC 2019][INFO] [Action] E UpdateStyle - (r,166509,166535),41:349:3,(r,166509,166535),F
[Wed Aug 14 02:13:00 UTC 2019][INFO] [Action] E ItemChanged - -1,178008
[Wed Aug 14 02:13:07 UTC 2019][INFO] [Action] E UpdateStyle - (r,178008,178015),16:20.000000:2,(r,178008,178015),F
[Wed Aug 14 02:13:11 UTC 2019][INFO] [Action] E UpdateStyle - (r,178008,178015),41:349:3,(r,178008,178015),F
[Wed Aug 14 02:13:13 UTC 2019][INFO] [Action] E ItemChanged - -1,190131
[Wed Aug 14 02:13:20 UTC 2019][INFO] [Action] E UpdateStyle - (r,190131,190144),16:20.000000:2,(r,190131,190144),F
[Wed Aug 14 02:13:22 UTC 2019][INFO] [Action] E UpdateStyle - (r,190131,190144),41:349:3,(r,190131,190144),F
[Wed Aug 14 02:13:23 UTC 2019][INFO] [Action] E ItemChanged - -1,191195
[Wed Aug 14 02:13:28 UTC 2019][INFO] [Action] E UpdateStyle - (r,191195,191213),16:20.000000:2,(r,191195,191213),F
[Wed Aug 14 02:13:30 UTC 2019][INFO] [Action] E UpdateStyle - (r,191195,191213),41:349:3,(r,191195,191213),F
[Wed Aug 14 02:13:31 UTC 2019][INFO] [Action] E ItemChanged - -1,191470
[Wed Aug 14 02:13:35 UTC 2019][INFO] [Action] E UpdateStyle - (r,191470,191485),16:20.000000:2,(r,191470,191485),F
[Wed Aug 14 02:13:38 UTC 2019][INFO] [Action] E UpdateStyle - (r,191470,191485),41:349:3,(r,191470,191485),F
[Wed Aug 14 02:13:40 UTC 2019][INFO] [Action] E ItemChanged - -1,192224
[Wed Aug 14 02:14:05 UTC 2019][INFO] [Action] E UpdateStyle - (r,192224,192239),16:20.000000:2,(r,192224,192239),F
[Wed Aug 14 02:14:10 UTC 2019][INFO] [Action] E UpdateStyle - (r,192224,192239),41:349:3,(r,192224,192239),F
[Wed Aug 14 02:14:18 UTC 2019][INFO] [Action] E AddTextContainer - (c,192459,1),1,0,0
[Wed Aug 14 02:14:18 UTC 2019][INFO] [Action] EFail AddTextContainer - 4
[Wed Aug 14 02:14:32 UTC 2019][INFO] [Action] E ItemChanged - -1,190131
[Wed Aug 14 02:14:35 UTC 2019][INFO] [Action] E ItemChanged - -1,192224
[Wed Aug 14 02:14:37 UTC 2019][INFO] [Action] EE MovePage - 15,18,1
[Wed Aug 14 02:14:43 UTC 2019][INFO] [Action] E ItemChanged - -1,194558
[Wed Aug 14 02:14:44 UTC 2019][INFO] [Action] EE MovePage - 16,17,1
[Wed Aug 14 02:14:46 UTC 2019][INFO] [Action] E ItemChanged - -1,194833
[Wed Aug 14 02:14:48 UTC 2019][INFO] [Action] EE MovePage - 17,18,1
[Wed Aug 14 02:14:49 UTC 2019][INFO] [Action] E ItemChanged - -1,194523
[Wed Aug 14 02:14:55 UTC 2019][INFO] [Action] E ItemChanged - -1,193769
[Wed Aug 14 02:14:56 UTC 2019][INFO] [Action] E ItemChanged - -1,193494
[Wed Aug 14 02:14:57 UTC 2019][INFO] [Action] E ItemChanged - -1,190131
[Wed Aug 14 02:15:06 UTC 2019][INFO] [Action] E SaveBook - Save
[Wed Aug 14 02:15:35 UTC 2019][INFO] [Action] E ItemChanged - -1,190131
[Wed Aug 14 02:15:37 UTC 2019][INFO] [Action] EE MovePage - 18,15,1
[Wed Aug 14 02:15:39 UTC 2019][INFO] [Action] E ItemChanged - -1,194523
[Wed Aug 14 02:15:43 UTC 2019][INFO] [Action] E InsertTextContent - (r,194523,194532),[N]
[Wed Aug 14 02:15:47 UTC 2019][INFO] [Action] E ItemChanged - -1,191151
[Wed Aug 14 02:15:58 UTC 2019][INFO] [Action] E ItemChanged - -1,190397
[Wed Aug 14 02:16:02 UTC 2019][INFO] [Action] E ItemChanged - -1,191151
[Wed Aug 14 02:16:03 UTC 2019][INFO] [Action] E ItemChanged - -1,191151
[Wed Aug 14 02:16:10 UTC 2019][INFO] [Action] E RemoveSectionBreak - 191151,0
[Wed Aug 14 02:16:29 UTC 2019][INFO] [Action] U RemoveSectionBreak
[Wed Aug 14 02:16:36 UTC 2019][INFO] [Action] E SaveBook - Save
[Wed Aug 14 02:17:18 UTC 2019][INFO] [Action] E ItemChanged - -1,194514
[Wed Aug 14 02:17:24 UTC 2019][INFO] [Action] E DeleteContent - (r,194519,195567),B
[Wed Aug 14 02:17:27 UTC 2019][INFO] [Action] E ItemChanged - -1,191151
[Wed Aug 14 02:17:32 UTC 2019][INFO] [Action] EE Paste - (r,191167,191384),29
[Wed Aug 14 02:17:35 UTC 2019][INFO] [Action] U Paste
[Wed Aug 14 02:17:35 UTC 2019][INFO] [Action] U DeleteContent
[Wed Aug 14 02:17:59 UTC 2019][INFO] [Action] E ItemChanged - -1,191151
[Wed Aug 14 02:18:04 UTC 2019][INFO] [Action] EE Paste - (r,191167,191384),1049
[Wed Aug 14 02:18:09 UTC 2019][INFO] [Action] E InsertTextContent - (r,191151,191166),[N]
[Wed Aug 14 02:18:09 UTC 2019][INFO] [Action] E InsertTextContent - (c,191136,2),[o]
[Wed Aug 14 02:18:10 UTC 2019][INFO] [Action] E InsertTextContent - (c,191138,2),[t]
[Wed Aug 14 02:18:10 UTC 2019][INFO] [Action] E InsertTextContent - (c,191140,2),[e]
[Wed Aug 14 02:18:10 UTC 2019][INFO] [Action] E InsertTextContent - (c,191142,2),[s]
[Wed Aug 14 02:18:11 UTC 2019][INFO] [Action] E ItemChanged - -1,195324
[Wed Aug 14 02:18:16 UTC 2019][INFO] [Action] E InsertTextContent - (r,195324,195328),[A]
[Wed Aug 14 02:18:16 UTC 2019][INFO] [Action] E InsertTextContent - (c,195320,2),[b]
[Wed Aug 14 02:18:16 UTC 2019][INFO] [Action] E InsertTextContent - (c,195322,2),[o]
[Wed Aug 14 02:18:16 UTC 2019][INFO] [Action] E InsertTextContent - (c,195324,2),[u]
[Wed Aug 14 02:18:16 UTC 2019][INFO] [Action] E InsertTextContent - (c,195326,2),[t]
[Wed Aug 14 02:18:16 UTC 2019][INFO] [Action] E InsertTextContent - (c,195328,2),[SPACE]
[Wed Aug 14 02:18:17 UTC 2019][INFO] [Action] E InsertTextContent - (c,195330,2),[t]
[Wed Aug 14 02:18:17 UTC 2019][INFO] [Action] E InsertTextContent - (c,195332,2),[h]
[Wed Aug 14 02:18:17 UTC 2019][INFO] [Action] E InsertTextContent - (c,195334,2),[e]
[Wed Aug 14 02:18:17 UTC 2019][INFO] [Action] E InsertTextContent - (c,195336,2),[SPACE]
[Wed Aug 14 02:18:17 UTC 2019][INFO] [Action] E InsertTextContent - (c,195338,2),[a]
[Wed Aug 14 02:18:18 UTC 2019][INFO] [Action] E InsertTextContent - (c,195340,2),[u]
[Wed Aug 14 02:18:18 UTC 2019][INFO] [Action] E InsertTextContent - (c,195342,2),[t]
[Wed Aug 14 02:18:18 UTC 2019][INFO] [Action] E InsertTextContent - (c,195344,2),[h]
[Wed Aug 14 02:18:18 UTC 2019][INFO] [Action] E InsertTextContent - (c,195346,2),[o]
[Wed Aug 14 02:18:18 UTC 2019][INFO] [Action] E InsertTextContent - (c,195348,2),[r]
[Wed Aug 14 02:18:38 UTC 2019][INFO] [Action] EE Paste - (r,195351,196399),218
[Wed Aug 14 02:18:42 UTC 2019][INFO] [Action] E ItemChanged - -1,195335
[Wed Aug 14 02:18:44 UTC 2019][INFO] [Action] EE MovePage - 17,18,1
[Wed Aug 14 02:18:54 UTC 2019][INFO] [Action] E ItemChanged - -1,191387
[Wed Aug 14 02:18:56 UTC 2019][INFO] [Action] E ItemChanged - -1,191151
[Wed Aug 14 02:18:58 UTC 2019][INFO] [Action] E ItemChanged - -1,190397
[Wed Aug 14 02:19:03 UTC 2019][INFO] [Action] E ItemChanged - -1,190122
[Wed Aug 14 02:19:05 UTC 2019][INFO] [Action] E ItemChanged - -1,177999
[Wed Aug 14 02:19:17 UTC 2019][INFO] [Action] E ItemChanged - -1,190397
[Wed Aug 14 02:19:26 UTC 2019][INFO] [Action] E ItemChanged - -1,191151
[Wed Aug 14 02:19:33 UTC 2019][INFO] [Action] E ItemChanged - -1,191387
[Wed Aug 14 02:19:41 UTC 2019][INFO] [Action] E ItemChanged - -1,177999
[Wed Aug 14 02:19:43 UTC 2019][INFO] [Action] E ItemChanged - -1,166500
[Wed Aug 14 02:19:44 UTC 2019][INFO] [Action] E ItemChanged - -1,155134
[Wed Aug 14 02:19:46 UTC 2019][INFO] [Action] E ItemChanged - -1,71
[Wed Aug 14 02:19:50 UTC 2019][INFO] [Action] E ItemChanged - -1,39
[Wed Aug 14 02:19:52 UTC 2019][INFO] [Action] E ItemChanged - -1,1
[Wed Aug 14 02:19:56 UTC 2019][INFO] [Action] E ItemChanged - -1,39
[Wed Aug 14 02:19:57 UTC 2019][INFO] [Action] E ItemChanged - -1,71
[Wed Aug 14 02:20:00 UTC 2019][INFO] [Action] E SaveBook - Save
[Wed Aug 14 02:20:02 UTC 2019][INFO] [Action] E SaveBook - Save
[Wed Aug 14 02:20:05 UTC 2019][INFO] [Action] E PreviewBook - 71
[Wed Aug 14 02:23:25 UTC 2019][INFO] [Action] E UpdateStyle - (r,48309,48788),12:382:3,(r,48309,48788),F
[Wed Aug 14 02:23:27 UTC 2019][INFO] [Action] E SaveBook - Save
[Wed Aug 14 02:23:30 UTC 2019][INFO] [Action] E SaveBook - Save
[Wed Aug 14 02:23:31 UTC 2019][INFO] [Action] E SaveBook - Save
[Wed Aug 14 02:23:38 UTC 2019][INFO] [Action] EE PackageWorkspace
[Wed Aug 14 02:40:33 UTC 2019][INFO] [Action] E SaveBook - Save
[Wed Aug 14 02:40:35 UTC 2019][INFO] [Action] E SaveBook - Save
[Wed Aug 14 02:40:35 UTC 2019][INFO] Logger Terminated
