[Tue Aug 13 21:24:29 UTC 2019][INFO] [Action] E PreviewBook - 78
[Tue Aug 13 21:25:12 UTC 2019][INFO] [Action] EE Scroll
[Tue Aug 13 21:25:13 UTC 2019][INFO] [Action] EE Scroll
[Tue Aug 13 21:25:50 UTC 2019][INFO] [Action] E AddNCX - 19,1,Untitled
[Tue Aug 13 21:25:53 UTC 2019][INFO] [Action] EE PreviousPage
[Tue Aug 13 21:25:53 UTC 2019][INFO] [Action] EE Scroll
[Tue Aug 13 21:25:55 UTC 2019][INFO] [Action] EE Scroll
[Tue Aug 13 21:25:57 UTC 2019][INFO] [Action] EE Scroll
[Tue Aug 13 21:25:57 UTC 2019][INFO] [Action] EE Scroll
[Tue Aug 13 21:25:57 UTC 2019][INFO] [Action] EE Scroll
[Tue Aug 13 21:26:01 UTC 2019][INFO] [Action] EE Scroll
[Tue Aug 13 21:26:05 UTC 2019][INFO] [Action] EE Scroll
[Tue Aug 13 21:26:06 UTC 2019][INFO] [Action] EE Scroll
[Tue Aug 13 21:26:07 UTC 2019][INFO] [Action] U AddNCX
[Tue Aug 13 21:26:07 UTC 2019][INFO] [Action] EE Scroll
[Tue Aug 13 21:26:10 UTC 2019][INFO] [Action] EE Scroll
[Tue Aug 13 21:26:10 UTC 2019][INFO] [Action] EE Scroll
[Tue Aug 13 21:26:11 UTC 2019][INFO] [Action] E ItemChanged - 20,82
[Tue Aug 13 21:26:14 UTC 2019][INFO] [Action] E ItemChanged - 21,86
[Tue Aug 13 21:26:14 UTC 2019][INFO] [Action] EE Scroll
[Tue Aug 13 21:26:15 UTC 2019][INFO] [Action] EE Scroll
[Tue Aug 13 21:26:16 UTC 2019][INFO] [Action] EE Scroll
[Tue Aug 13 21:26:16 UTC 2019][INFO] [Action] EE Scroll
[Tue Aug 13 21:26:18 UTC 2019][INFO] [Action] EE Scroll
[Tue Aug 13 21:26:20 UTC 2019][INFO] [Action] EE Scroll
[Tue Aug 13 21:26:21 UTC 2019][INFO] [Action] EE PreviousPage
[Tue Aug 13 21:26:21 UTC 2019][INFO] [Action] EE Scroll
[Tue Aug 13 21:26:22 UTC 2019][INFO] [Action] EE PreviousPage
[Tue Aug 13 21:26:23 UTC 2019][INFO] [Action] EE PreviousPage
[Tue Aug 13 21:26:23 UTC 2019][INFO] [Action] EE Scroll
[Tue Aug 13 21:26:24 UTC 2019][INFO] [Action] EE Scroll
[Tue Aug 13 21:26:25 UTC 2019][INFO] [Action] E ItemChanged - 0,2
[Tue Aug 13 21:26:35 UTC 2019][INFO] [Action] E SaveBook - Save
[Tue Aug 13 21:26:42 UTC 2019][INFO] [Action] EE PackageWorkspace
[Tue Aug 13 21:26:42 UTC 2019][INFO] [Action] EFail PackageWorkspace - 5
[Tue Aug 13 21:29:08 UTC 2019][INFO] [Action] E SaveBook - Save
[Tue Aug 13 21:29:11 UTC 2019][INFO] [Action] E ItemChanged - 1,6
[Tue Aug 13 21:29:13 UTC 2019][INFO] [Action] EE Scroll
[Tue Aug 13 21:29:13 UTC 2019][INFO] [Action] EE Scroll
[Tue Aug 13 21:33:57 UTC 2019][INFO] [Action] EE ExtractLinks
[Tue Aug 13 21:34:00 UTC 2019][INFO] [Action] EE PreviousPage
[Tue Aug 13 21:34:00 UTC 2019][INFO] [Action] EE Scroll
[Tue Aug 13 21:34:00 UTC 2019][INFO] [Action] EE NextPage
[Tue Aug 13 21:34:01 UTC 2019][INFO] [Action] EE NextPage
[Tue Aug 13 21:34:01 UTC 2019][INFO] [Action] EE Scroll
[Tue Aug 13 21:34:09 UTC 2019][INFO] [Action] EE NextPage
[Tue Aug 13 21:34:09 UTC 2019][INFO] [Action] EE Scroll
[Tue Aug 13 21:34:11 UTC 2019][INFO] [Action] EE PreviousPage
[Tue Aug 13 21:34:14 UTC 2019][INFO] [Action] EE Scroll
[Tue Aug 13 21:34:17 UTC 2019][INFO] [Action] E ItemChanged - 88,36148
[Tue Aug 13 21:34:27 UTC 2019][INFO] [Action] EE NextPage
[Tue Aug 13 21:34:28 UTC 2019][INFO] [Action] EE NextPage
[Tue Aug 13 21:34:28 UTC 2019][INFO] [Action] EE Scroll
[Tue Aug 13 21:34:29 UTC 2019][INFO] [Action] EE NextPage
[Tue Aug 13 21:34:29 UTC 2019][INFO] [Action] EFail NextPage - 4
[Tue Aug 13 21:34:29 UTC 2019][INFO] [Action] EE NextPage
[Tue Aug 13 21:34:29 UTC 2019][INFO] [Action] EFail NextPage - 4
[Tue Aug 13 21:34:30 UTC 2019][INFO] [Action] EE PreviousPage
[Tue Aug 13 21:34:31 UTC 2019][INFO] [Action] EE PreviousPage
[Tue Aug 13 21:34:31 UTC 2019][INFO] [Action] EE Scroll
[Tue Aug 13 21:34:32 UTC 2019][INFO] [Action] EE PreviousPage
[Tue Aug 13 21:34:32 UTC 2019][INFO] [Action] EE Scroll
[Tue Aug 13 21:34:32 UTC 2019][INFO] [Action] EE PreviousPage
[Tue Aug 13 21:34:32 UTC 2019][INFO] [Action] EE Scroll
[Tue Aug 13 21:34:33 UTC 2019][INFO] [Action] EE PreviousPage
[Tue Aug 13 21:34:33 UTC 2019][INFO] [Action] EE Scroll
[Tue Aug 13 21:34:35 UTC 2019][INFO] [Action] EE PreviousPage
[Tue Aug 13 21:34:35 UTC 2019][INFO] [Action] EE Scroll
[Tue Aug 13 21:34:38 UTC 2019][INFO] [Action] EE NextPage
[Tue Aug 13 21:34:44 UTC 2019][INFO] [Action] E SaveBook - Save
[Tue Aug 13 21:34:48 UTC 2019][INFO] [Action] EE Scroll
[Tue Aug 13 21:34:50 UTC 2019][INFO] [Action] EE PreviousPage
[Tue Aug 13 21:34:51 UTC 2019][INFO] [Action] EE PreviousPage
[Tue Aug 13 21:34:51 UTC 2019][INFO] [Action] EE Scroll
[Tue Aug 13 21:34:54 UTC 2019][INFO] [Action] EE PreviousPage
[Tue Aug 13 21:34:54 UTC 2019][INFO] [Action] EE Scroll
[Tue Aug 13 21:34:55 UTC 2019][INFO] [Action] EE PreviousPage
[Tue Aug 13 21:34:55 UTC 2019][INFO] [Action] EE Scroll
[Tue Aug 13 21:34:56 UTC 2019][INFO] [Action] EE NextPage
[Tue Aug 13 21:34:58 UTC 2019][INFO] [Action] EE NextPage
[Tue Aug 13 21:34:58 UTC 2019][INFO] [Action] EE Scroll
[Tue Aug 13 21:34:59 UTC 2019][INFO] [Action] EE PreviousPage
[Tue Aug 13 21:34:59 UTC 2019][INFO] [Action] EE PreviousPage
[Tue Aug 13 21:34:59 UTC 2019][INFO] [Action] EE Scroll
[Tue Aug 13 21:35:00 UTC 2019][INFO] [Action] EE PreviousPage
[Tue Aug 13 21:35:00 UTC 2019][INFO] [Action] EE Scroll
[Tue Aug 13 21:35:02 UTC 2019][INFO] [Action] EE Scroll
[Tue Aug 13 21:35:03 UTC 2019][INFO] [Action] E ItemChanged - 0,2
[Tue Aug 13 21:35:04 UTC 2019][INFO] [Action] E ItemChanged - 1,6
[Tue Aug 13 21:35:16 UTC 2019][INFO] [Action] E ItemChanged - 0,2
[Tue Aug 13 21:35:17 UTC 2019][INFO] [Action] E ItemChanged - 1,6
[Tue Aug 13 21:35:25 UTC 2019][INFO] [Action] E ItemChanged - 2,10
[Tue Aug 13 21:35:26 UTC 2019][INFO] [Action] EE Scroll
[Tue Aug 13 21:35:33 UTC 2019][INFO] [Action] EE Scroll
[Tue Aug 13 21:35:34 UTC 2019][INFO] [Action] EE Scroll
[Tue Aug 13 21:35:36 UTC 2019][INFO] [Action] EE Scroll
[Tue Aug 13 21:38:09 UTC 2019][INFO] [Action] E ItemChanged - 0,2
[Tue Aug 13 21:38:16 UTC 2019][INFO] [Action] EE DeletePage - 0,1
[Tue Aug 13 21:38:27 UTC 2019][INFO] [Action] EE AddPage - 0
[Tue Aug 13 21:38:31 UTC 2019][INFO] [Action] EE Scroll
[Tue Aug 13 21:38:32 UTC 2019][INFO] [Action] EE Scroll
[Tue Aug 13 21:38:35 UTC 2019][INFO] [Action] EE Scroll
[Tue Aug 13 21:38:35 UTC 2019][INFO] [Action] U AddPage
[Tue Aug 13 21:38:43 UTC 2019][INFO] [Action] E DeletePlugin - -1[]
[Tue Aug 13 21:38:43 UTC 2019][INFO] [Action] EFail DeletePlugin - 1
[Tue Aug 13 21:38:45 UTC 2019][INFO] [Action] EE DeletePage - 1,89
[Tue Aug 13 21:38:55 UTC 2019][INFO] [Action] E ItemChanged - 0,2
[Tue Aug 13 21:39:02 UTC 2019][INFO] [Action] EE AddPage - 2003331436
[Tue Aug 13 21:39:02 UTC 2019][INFO] [Action] EFail AddPage - 4
[Tue Aug 13 21:39:08 UTC 2019][INFO] [Action] EE AddPage - -1
[Tue Aug 13 21:39:08 UTC 2019][INFO] [Action] EFail AddPage - 4
[Tue Aug 13 21:39:14 UTC 2019][INFO] [Action] EE AddPage - -1
[Tue Aug 13 21:39:14 UTC 2019][INFO] [Action] EFail AddPage - 4
[Tue Aug 13 21:39:15 UTC 2019][INFO] [Action] E SaveBook - Save
[Tue Aug 13 21:39:17 UTC 2019][INFO] [Action] E SaveBook - Save
[Tue Aug 13 21:39:18 UTC 2019][INFO] [Action] E SaveBook - Save
[Tue Aug 13 21:39:21 UTC 2019][INFO] [Action] EE AddPage - 0
[Tue Aug 13 21:39:21 UTC 2019][INFO] [Action] EFail AddPage - 4
[Tue Aug 13 21:39:23 UTC 2019][INFO] [Action] E SaveBook - Save
[Tue Aug 13 21:39:24 UTC 2019][INFO] Logger Terminated
[Tue Aug 13 21:39:53 UTC 2019][INFO] [Action] EE OpenBook - ff_story_KC.kcb
[Tue Aug 13 21:40:03 UTC 2019][INFO] [Action] EE AddPage - 0
[Tue Aug 13 21:40:06 UTC 2019][INFO] [Action] E ItemChanged - 0,2
[Tue Aug 13 21:40:08 UTC 2019][INFO] [Action] EE DeletePage - 0,1
[Tue Aug 13 21:40:12 UTC 2019][INFO] [Action] E ItemChanged - 1,6
[Tue Aug 13 21:40:13 UTC 2019][INFO] [Action] E ItemChanged - 2,10
[Tue Aug 13 21:40:13 UTC 2019][INFO] [Action] EE Scroll
[Tue Aug 13 21:40:14 UTC 2019][INFO] [Action] E ItemChanged - 3,841
[Tue Aug 13 21:40:14 UTC 2019][INFO] [Action] EE Scroll
[Tue Aug 13 21:40:15 UTC 2019][INFO] [Action] E ItemChanged - 4,845
[Tue Aug 13 21:40:15 UTC 2019][INFO] [Action] EE Scroll
[Tue Aug 13 21:40:15 UTC 2019][INFO] [Action] E ItemChanged - 5,3776
[Tue Aug 13 21:40:16 UTC 2019][INFO] [Action] EE Scroll
[Tue Aug 13 21:40:16 UTC 2019][INFO] [Action] E ItemChanged - 6,3780
[Tue Aug 13 21:40:16 UTC 2019][INFO] [Action] EE Scroll
[Tue Aug 13 21:40:16 UTC 2019][INFO] [Action] E ItemChanged - 7,3784
[Tue Aug 13 21:40:16 UTC 2019][INFO] [Action] EE Scroll
[Tue Aug 13 21:40:16 UTC 2019][INFO] [Action] E ItemChanged - 8,3788
[Tue Aug 13 21:40:17 UTC 2019][INFO] [Action] EE Scroll
[Tue Aug 13 21:40:17 UTC 2019][INFO] [Action] E ItemChanged - 9,3792
[Tue Aug 13 21:40:17 UTC 2019][INFO] [Action] EE Scroll
[Tue Aug 13 21:40:17 UTC 2019][INFO] [Action] E ItemChanged - 10,3796
[Tue Aug 13 21:40:17 UTC 2019][INFO] [Action] EE Scroll
[Tue Aug 13 21:40:17 UTC 2019][INFO] [Action] E ItemChanged - 11,3800
[Tue Aug 13 21:40:17 UTC 2019][INFO] [Action] EE Scroll
[Tue Aug 13 21:40:20 UTC 2019][INFO] [Action] EE Scroll
[Tue Aug 13 21:40:21 UTC 2019][INFO] [Action] E ItemChanged - 66,19340
[Tue Aug 13 21:40:22 UTC 2019][INFO] [Action] E ItemChanged - 67,22144
[Tue Aug 13 21:40:22 UTC 2019][INFO] [Action] EE Scroll
[Tue Aug 13 21:40:22 UTC 2019][INFO] [Action] E ItemChanged - 68,24946
[Tue Aug 13 21:40:22 UTC 2019][INFO] [Action] EE Scroll
[Tue Aug 13 21:40:23 UTC 2019][INFO] [Action] E ItemChanged - 69,24950
[Tue Aug 13 21:40:23 UTC 2019][INFO] [Action] EE Scroll
[Tue Aug 13 21:40:23 UTC 2019][INFO] [Action] E ItemChanged - 70,24954
[Tue Aug 13 21:40:23 UTC 2019][INFO] [Action] EE Scroll
[Tue Aug 13 21:40:23 UTC 2019][INFO] [Action] E ItemChanged - 71,24958
[Tue Aug 13 21:40:23 UTC 2019][INFO] [Action] EE Scroll
[Tue Aug 13 21:40:23 UTC 2019][INFO] [Action] E ItemChanged - 72,24962
[Tue Aug 13 21:40:24 UTC 2019][INFO] [Action] EE Scroll
[Tue Aug 13 21:40:24 UTC 2019][INFO] [Action] E ItemChanged - 73,24966
[Tue Aug 13 21:40:24 UTC 2019][INFO] [Action] EE Scroll
[Tue Aug 13 21:40:24 UTC 2019][INFO] [Action] E ItemChanged - 74,27479
[Tue Aug 13 21:40:24 UTC 2019][INFO] [Action] EE Scroll
[Tue Aug 13 21:40:25 UTC 2019][INFO] [Action] E ItemChanged - 75,27483
[Tue Aug 13 21:40:25 UTC 2019][INFO] [Action] EE Scroll
[Tue Aug 13 21:40:26 UTC 2019][INFO] [Action] E ItemChanged - 76,27487
[Tue Aug 13 21:40:26 UTC 2019][INFO] [Action] EE Scroll
[Tue Aug 13 21:40:26 UTC 2019][INFO] [Action] E ItemChanged - 77,27491
[Tue Aug 13 21:40:26 UTC 2019][INFO] [Action] EE Scroll
[Tue Aug 13 21:40:26 UTC 2019][INFO] [Action] E ItemChanged - 78,27495
[Tue Aug 13 21:40:27 UTC 2019][INFO] [Action] EE Scroll
[Tue Aug 13 21:40:27 UTC 2019][INFO] [Action] E ItemChanged - 79,27499
[Tue Aug 13 21:40:27 UTC 2019][INFO] [Action] EE Scroll
[Tue Aug 13 21:40:27 UTC 2019][INFO] [Action] E ItemChanged - 80,27503
[Tue Aug 13 21:40:27 UTC 2019][INFO] [Action] EE Scroll
[Tue Aug 13 21:40:27 UTC 2019][INFO] [Action] E ItemChanged - 81,29355
[Tue Aug 13 21:40:27 UTC 2019][INFO] [Action] EE Scroll
[Tue Aug 13 21:40:28 UTC 2019][INFO] [Action] E ItemChanged - 82,31846
[Tue Aug 13 21:40:28 UTC 2019][INFO] [Action] EE Scroll
[Tue Aug 13 21:40:28 UTC 2019][INFO] [Action] E ItemChanged - 83,34269
[Tue Aug 13 21:40:28 UTC 2019][INFO] [Action] EE Scroll
[Tue Aug 13 21:40:29 UTC 2019][INFO] [Action] E ItemChanged - 84,34273
[Tue Aug 13 21:40:29 UTC 2019][INFO] [Action] EE Scroll
[Tue Aug 13 21:40:29 UTC 2019][INFO] [Action] E ItemChanged - 85,34277
[Tue Aug 13 21:40:29 UTC 2019][INFO] [Action] EE Scroll
[Tue Aug 13 21:40:30 UTC 2019][INFO] [Action] E ItemChanged - 86,34368
[Tue Aug 13 21:40:30 UTC 2019][INFO] [Action] EE Scroll
[Tue Aug 13 21:40:32 UTC 2019][INFO] [Action] E ItemChanged - 87,34372
[Tue Aug 13 21:40:32 UTC 2019][INFO] [Action] EE Scroll
[Tue Aug 13 21:40:33 UTC 2019][INFO] [Action] E ItemChanged - 88,36148
[Tue Aug 13 21:40:33 UTC 2019][INFO] [Action] EE Scroll
[Tue Aug 13 21:40:34 UTC 2019][INFO] [Action] E ItemChanged - 89,37554
[Tue Aug 13 21:40:34 UTC 2019][INFO] [Action] EE Scroll
[Tue Aug 13 21:41:00 UTC 2019][INFO] [Action] E ItemChanged - 90,37558
[Tue Aug 13 21:41:00 UTC 2019][INFO] [Action] EE Scroll
[Tue Aug 13 21:41:09 UTC 2019][INFO] [Action] EE NextPage
[Tue Aug 13 21:41:09 UTC 2019][INFO] [Action] EFail NextPage - 4
[Tue Aug 13 21:41:12 UTC 2019][INFO] [Action] EE Scroll
[Tue Aug 13 21:41:14 UTC 2019][INFO] [Action] E ItemChanged - 0,2
[Tue Aug 13 21:41:17 UTC 2019][INFO] [Action] E PreviewBook - 2
[Tue Aug 13 21:41:58 UTC 2019][INFO] [Action] E SaveBook - Save
[Tue Aug 13 21:42:00 UTC 2019][INFO] [Action] E SaveBook - Save
[Tue Aug 13 21:42:50 UTC 2019][INFO] [Action] EE PackageWorkspace
[Tue Aug 13 23:46:09 UTC 2019][INFO] [Action] EE Scroll
[Tue Aug 13 23:46:10 UTC 2019][INFO] [Action] EE Scroll
[Tue Aug 13 23:46:10 UTC 2019][INFO] [Action] EE Scroll
[Tue Aug 13 23:46:10 UTC 2019][INFO] [Action] EE Scroll
[Tue Aug 13 23:46:11 UTC 2019][INFO] [Action] E ItemChanged - 90,37558
[Tue Aug 13 23:46:11 UTC 2019][INFO] [Action] E ItemChanged - 89,37554
[Tue Aug 13 23:46:13 UTC 2019][INFO] [Action] EE Scroll
[Tue Aug 13 23:46:14 UTC 2019][INFO] [Action] EE Scroll
[Tue Aug 13 23:46:14 UTC 2019][INFO] [Action] EE Scroll
[Tue Aug 13 23:46:15 UTC 2019][INFO] [Action] EE Scroll
[Tue Aug 13 23:46:17 UTC 2019][INFO] [Action] E ItemChanged - 85,34277
[Tue Aug 13 23:51:25 UTC 2019][INFO] [Action] E SaveBook - Save
[Tue Aug 13 23:51:26 UTC 2019][INFO] Logger Terminated
[Tue Aug 13 23:51:26 UTC 2019][INFO] [Action] EE OpenBook - ff_story_KC.kcb
[Tue Aug 13 23:51:34 UTC 2019][INFO] [Action] EE DeletePage - 1,90
[Tue Aug 13 23:51:44 UTC 2019][INFO] [Action] EE AddPage - 0
[Tue Aug 13 23:51:45 UTC 2019][INFO] [Action] E ItemChanged - 0,2
[Tue Aug 13 23:51:47 UTC 2019][INFO] [Action] EE DeletePage - 0,1
[Tue Aug 13 23:51:49 UTC 2019][INFO] [Action] EE NextPage
[Tue Aug 13 23:51:51 UTC 2019][INFO] [Action] EE NextPage
[Tue Aug 13 23:51:51 UTC 2019][INFO] [Action] EE Scroll
[Tue Aug 13 23:51:53 UTC 2019][INFO] [Action] EE NextPage
[Tue Aug 13 23:51:53 UTC 2019][INFO] [Action] EE Scroll
[Tue Aug 13 23:51:54 UTC 2019][INFO] [Action] EE NextPage
[Tue Aug 13 23:51:54 UTC 2019][INFO] [Action] EE Scroll
[Tue Aug 13 23:51:54 UTC 2019][INFO] [Action] EE NextPage
[Tue Aug 13 23:51:55 UTC 2019][INFO] [Action] EE Scroll
[Tue Aug 13 23:51:55 UTC 2019][INFO] [Action] EE NextPage
[Tue Aug 13 23:51:55 UTC 2019][INFO] [Action] EE Scroll
[Tue Aug 13 23:51:56 UTC 2019][INFO] [Action] EE NextPage
[Tue Aug 13 23:51:56 UTC 2019][INFO] [Action] EE Scroll
[Tue Aug 13 23:51:57 UTC 2019][INFO] [Action] EE NextPage
[Tue Aug 13 23:51:57 UTC 2019][INFO] [Action] EE Scroll
[Tue Aug 13 23:51:57 UTC 2019][INFO] [Action] EE NextPage
[Tue Aug 13 23:51:57 UTC 2019][INFO] [Action] EE Scroll
[Tue Aug 13 23:51:59 UTC 2019][INFO] [Action] EE Scroll
[Tue Aug 13 23:52:00 UTC 2019][INFO] [Action] EE Scroll
[Tue Aug 13 23:52:00 UTC 2019][INFO] [Action] EE Scroll
[Tue Aug 13 23:52:01 UTC 2019][INFO] [Action] EE Scroll
[Tue Aug 13 23:52:02 UTC 2019][INFO] [Action] EE Scroll
[Tue Aug 13 23:52:02 UTC 2019][INFO] [Action] EE Scroll
[Tue Aug 13 23:52:02 UTC 2019][INFO] [Action] E ItemChanged - 89,37612
[Tue Aug 13 23:52:06 UTC 2019][INFO] [Action] E ItemChanged - 90,37897
[Tue Aug 13 23:52:08 UTC 2019][INFO] [Action] EE Scroll
[Tue Aug 13 23:52:08 UTC 2019][INFO] [Action] EE Scroll
[Tue Aug 13 23:52:17 UTC 2019][INFO] [Action] E ItemChanged - 91,37901
[Tue Aug 13 23:52:25 UTC 2019][INFO] [Action] EE Scroll
[Tue Aug 13 23:52:27 UTC 2019][INFO] [Action] E SaveBook - Save
[Tue Aug 13 23:52:29 UTC 2019][INFO] [Action] E SaveBook - Save
[Tue Aug 13 23:52:39 UTC 2019][INFO] [Action] EE PackageWorkspace
[Wed Aug 14 00:44:56 UTC 2019][INFO] [Action] E ItemChanged - 90,37897
[Wed Aug 14 00:44:57 UTC 2019][INFO] [Action] E ItemChanged - 89,37612
[Wed Aug 14 00:44:58 UTC 2019][INFO] [Action] EE Scroll
[Wed Aug 14 00:51:16 UTC 2019][INFO] [Action] E SaveBook - Save
[Wed Aug 14 00:51:17 UTC 2019][INFO] Logger Terminated
[Wed Aug 14 00:51:17 UTC 2019][INFO] [Action] EE OpenBook - ff_story_KC.kcb
[Wed Aug 14 00:53:13 UTC 2019][INFO] [Action] E SaveBook - Save
[Wed Aug 14 00:53:13 UTC 2019][INFO] Logger Terminated
[Wed Aug 14 00:53:13 UTC 2019][INFO] [Action] EE OpenBook - ff_story_KC.kcb
[Wed Aug 14 00:53:17 UTC 2019][INFO] [Action] E SaveBook - Save
[Wed Aug 14 00:53:18 UTC 2019][INFO] Logger Terminated
[Wed Aug 14 00:55:25 UTC 2019][INFO] [Action] EE OpenBook - ff_story_KC.kcb
[Wed Aug 14 00:55:31 UTC 2019][INFO] [Action] E AddNCX - 0,1,Untitled
[Wed Aug 14 00:55:33 UTC 2019][INFO] [Action] E DeleteNCX - 0
[Wed Aug 14 00:55:53 UTC 2019][INFO] [Action] E PreviewBook - 2
[Wed Aug 14 00:56:37 UTC 2019][INFO] [Action] EE Scroll
[Wed Aug 14 00:56:38 UTC 2019][INFO] [Action] EE Scroll
[Wed Aug 14 00:56:39 UTC 2019][INFO] [Action] EE Scroll
[Wed Aug 14 00:56:39 UTC 2019][INFO] [Action] EE Scroll
[Wed Aug 14 00:56:39 UTC 2019][INFO] [Action] EE Scroll
[Wed Aug 14 00:56:43 UTC 2019][INFO] [Action] EE Scroll
[Wed Aug 14 00:57:23 UTC 2019][INFO] [Action] EE TogglePageManager
[Wed Aug 14 00:57:24 UTC 2019][INFO] [Action] EE TogglePageManager
[Wed Aug 14 00:58:15 UTC 2019][INFO] [Action] E SaveBook - Save
[Wed Aug 14 00:58:15 UTC 2019][INFO] Logger Terminated
