\BOOKMARK [1][-]{section.1}{Scientific Appendix}{}% 1
\BOOKMARK [2][-]{subsection.1.1}{Diving Towards the Sun}{section.1}% 2
\BOOKMARK [3][-]{subsubsection.1.1.1}{Scenario 1: Direct escape burn \(single burn\)}{subsection.1.1}% 3
\BOOKMARK [3][-]{subsubsection.1.1.2}{Scenario 2: Oberth effect \(two burns\)}{subsection.1.1}% 4
\BOOKMARK [3][-]{subsubsection.1.1.3}{Comparing the two scenarios}{subsection.1.1}% 5
\BOOKMARK [2][-]{subsection.1.2}{Gravitational lensing focal distance}{section.1}% 6
\BOOKMARK [2][-]{subsection.1.3}{Efficiency of Sheridan drive}{section.1}% 7
\BOOKMARK [2][-]{subsection.1.4}{Einstein flight time}{section.1}% 8
\BOOKMARK [3][-]{subsubsection.1.4.1}{Jupiter approach burn}{subsection.1.4}% 9
\BOOKMARK [3][-]{subsubsection.1.4.2}{Jupiter escape burn}{subsection.1.4}% 10
\BOOKMARK [3][-]{subsubsection.1.4.3}{Coast to perihelion}{subsection.1.4}% 11
\BOOKMARK [3][-]{subsubsection.1.4.4}{Perihelion burn}{subsection.1.4}% 12
\BOOKMARK [3][-]{subsubsection.1.4.5}{Creating a linear approximation for step 4}{subsection.1.4}% 13
\BOOKMARK [3][-]{subsubsection.1.4.6}{Solving for cruise distance as a function of time}{subsection.1.4}% 14
\BOOKMARK [3][-]{subsubsection.1.4.7}{Calculating v'\(x0\)}{subsection.1.4}% 15
\BOOKMARK [3][-]{subsubsection.1.4.8}{Calculating the result}{subsection.1.4}% 16
\BOOKMARK [2][-]{subsection.1.5}{Coast to focal point}{section.1}% 17
\BOOKMARK [3][-]{subsubsection.1.5.1}{Additional considerations}{subsection.1.5}% 18
\BOOKMARK [2][-]{subsection.1.6}{Code}{section.1}% 19
\BOOKMARK [2][-]{subsection.1.7}{References}{section.1}% 20
